<?xml version="1.0" encoding="UTF-8"?>
<testsuite xmlns:xsi="http://www.w3.org/2001/XMLSchema-instance" xsi:noNamespaceSchemaLocation="https://maven.apache.org/surefire/maven-surefire-plugin/xsd/surefire-test-report-3.0.xsd" version="3.0" name="TestSuite" time="334.386" tests="1" errors="0" skipped="0" failures="0">
  <properties>
    <property name="java.specification.version" value="18"/>
    <property name="sun.jnu.encoding" value="UTF-8"/>
    <property name="java.class.path" value="/Users/juan.gularte/Desktop/Repositories/Parking-Android-iOS/parking-android-ios/target/test-classes:/Users/juan.gularte/Desktop/Repositories/Parking-Android-iOS/parking-android-ios/target/classes:/Users/juan.gularte/.m2/repository/io/appium/java-client/8.1.1/java-client-8.1.1.jar:/Users/juan.gularte/.m2/repository/org/seleniumhq/selenium/selenium-support/4.7.2/selenium-support-4.7.2.jar:/Users/juan.gularte/.m2/repository/com/google/code/gson/gson/2.9.0/gson-2.9.0.jar:/Users/juan.gularte/.m2/repository/commons-codec/commons-codec/1.15/commons-codec-1.15.jar:/Users/juan.gularte/.m2/repository/org/seleniumhq/selenium/selenium-java/3.141.59/selenium-java-3.141.59.jar:/Users/juan.gularte/.m2/repository/org/seleniumhq/selenium/selenium-chrome-driver/3.141.59/selenium-chrome-driver-3.141.59.jar:/Users/juan.gularte/.m2/repository/org/seleniumhq/selenium/selenium-edge-driver/3.141.59/selenium-edge-driver-3.141.59.jar:/Users/juan.gularte/.m2/repository/org/seleniumhq/selenium/selenium-firefox-driver/3.141.59/selenium-firefox-driver-3.141.59.jar:/Users/juan.gularte/.m2/repository/org/seleniumhq/selenium/selenium-ie-driver/3.141.59/selenium-ie-driver-3.141.59.jar:/Users/juan.gularte/.m2/repository/org/seleniumhq/selenium/selenium-opera-driver/3.141.59/selenium-opera-driver-3.141.59.jar:/Users/juan.gularte/.m2/repository/org/seleniumhq/selenium/selenium-safari-driver/3.141.59/selenium-safari-driver-3.141.59.jar:/Users/juan.gularte/.m2/repository/net/bytebuddy/byte-buddy/1.8.15/byte-buddy-1.8.15.jar:/Users/juan.gularte/.m2/repository/org/apache/commons/commons-exec/1.3/commons-exec-1.3.jar:/Users/juan.gularte/.m2/repository/com/squareup/okhttp3/okhttp/3.11.0/okhttp-3.11.0.jar:/Users/juan.gularte/.m2/repository/com/squareup/okio/okio/1.14.0/okio-1.14.0.jar:/Users/juan.gularte/.m2/repository/org/seleniumhq/selenium/selenium-remote-driver/4.5.0/selenium-remote-driver-4.5.0.jar:/Users/juan.gularte/.m2/repository/com/beust/jcommander/1.82/jcommander-1.82.jar:/Users/juan.gularte/.m2/repository/com/google/auto/service/auto-service-annotations/1.0.1/auto-service-annotations-1.0.1.jar:/Users/juan.gularte/.m2/repository/com/google/auto/service/auto-service/1.0.1/auto-service-1.0.1.jar:/Users/juan.gularte/.m2/repository/com/google/auto/auto-common/1.2/auto-common-1.2.jar:/Users/juan.gularte/.m2/repository/io/netty/netty-buffer/4.1.79.Final/netty-buffer-4.1.79.Final.jar:/Users/juan.gularte/.m2/repository/io/netty/netty-codec-http/4.1.79.Final/netty-codec-http-4.1.79.Final.jar:/Users/juan.gularte/.m2/repository/io/netty/netty-codec/4.1.79.Final/netty-codec-4.1.79.Final.jar:/Users/juan.gularte/.m2/repository/io/netty/netty-handler/4.1.79.Final/netty-handler-4.1.79.Final.jar:/Users/juan.gularte/.m2/repository/io/netty/netty-common/4.1.79.Final/netty-common-4.1.79.Final.jar:/Users/juan.gularte/.m2/repository/io/netty/netty-transport-classes-epoll/4.1.79.Final/netty-transport-classes-epoll-4.1.79.Final.jar:/Users/juan.gularte/.m2/repository/io/netty/netty-transport-classes-kqueue/4.1.79.Final/netty-transport-classes-kqueue-4.1.79.Final.jar:/Users/juan.gularte/.m2/repository/io/netty/netty-transport-native-epoll/4.1.79.Final/netty-transport-native-epoll-4.1.79.Final.jar:/Users/juan.gularte/.m2/repository/io/netty/netty-transport-native-kqueue/4.1.79.Final/netty-transport-native-kqueue-4.1.79.Final.jar:/Users/juan.gularte/.m2/repository/io/netty/netty-transport-native-unix-common/4.1.79.Final/netty-transport-native-unix-common-4.1.79.Final.jar:/Users/juan.gularte/.m2/repository/io/netty/netty-transport/4.1.79.Final/netty-transport-4.1.79.Final.jar:/Users/juan.gularte/.m2/repository/io/netty/netty-resolver/4.1.79.Final/netty-resolver-4.1.79.Final.jar:/Users/juan.gularte/.m2/repository/io/opentelemetry/opentelemetry-api/1.17.0/opentelemetry-api-1.17.0.jar:/Users/juan.gularte/.m2/repository/io/opentelemetry/opentelemetry-context/1.17.0/opentelemetry-context-1.17.0.jar:/Users/juan.gularte/.m2/repository/io/opentelemetry/opentelemetry-exporter-logging/1.17.0/opentelemetry-exporter-logging-1.17.0.jar:/Users/juan.gularte/.m2/repository/io/opentelemetry/opentelemetry-sdk-metrics/1.17.0/opentelemetry-sdk-metrics-1.17.0.jar:/Users/juan.gularte/.m2/repository/io/opentelemetry/opentelemetry-sdk-logs/1.17.0-alpha/opentelemetry-sdk-logs-1.17.0-alpha.jar:/Users/juan.gularte/.m2/repository/io/opentelemetry/opentelemetry-sdk-common/1.17.0/opentelemetry-sdk-common-1.17.0.jar:/Users/juan.gularte/.m2/repository/io/opentelemetry/opentelemetry-sdk-extension-autoconfigure-spi/1.17.0/opentelemetry-sdk-extension-autoconfigure-spi-1.17.0.jar:/Users/juan.gularte/.m2/repository/io/opentelemetry/opentelemetry-sdk-extension-autoconfigure/1.17.0-alpha/opentelemetry-sdk-extension-autoconfigure-1.17.0-alpha.jar:/Users/juan.gularte/.m2/repository/io/opentelemetry/opentelemetry-exporter-common/1.17.0/opentelemetry-exporter-common-1.17.0.jar:/Users/juan.gularte/.m2/repository/io/opentelemetry/opentelemetry-sdk-trace/1.17.0/opentelemetry-sdk-trace-1.17.0.jar:/Users/juan.gularte/.m2/repository/io/opentelemetry/opentelemetry-sdk/1.17.0/opentelemetry-sdk-1.17.0.jar:/Users/juan.gularte/.m2/repository/io/opentelemetry/opentelemetry-semconv/1.17.0-alpha/opentelemetry-semconv-1.17.0-alpha.jar:/Users/juan.gularte/.m2/repository/io/ous/jtoml/2.0.0/jtoml-2.0.0.jar:/Users/juan.gularte/.m2/repository/org/asynchttpclient/async-http-client/2.12.3/async-http-client-2.12.3.jar:/Users/juan.gularte/.m2/repository/org/asynchttpclient/async-http-client-netty-utils/2.12.3/async-http-client-netty-utils-2.12.3.jar:/Users/juan.gularte/.m2/repository/io/netty/netty-codec-socks/4.1.60.Final/netty-codec-socks-4.1.60.Final.jar:/Users/juan.gularte/.m2/repository/io/netty/netty-handler-proxy/4.1.60.Final/netty-handler-proxy-4.1.60.Final.jar:/Users/juan.gularte/.m2/repository/io/netty/netty-transport-native-epoll/4.1.60.Final/netty-transport-native-epoll-4.1.60.Final-linux-x86_64.jar:/Users/juan.gularte/.m2/repository/io/netty/netty-transport-native-kqueue/4.1.60.Final/netty-transport-native-kqueue-4.1.60.Final-osx-x86_64.jar:/Users/juan.gularte/.m2/repository/org/reactivestreams/reactive-streams/1.0.3/reactive-streams-1.0.3.jar:/Users/juan.gularte/.m2/repository/com/typesafe/netty/netty-reactive-streams/2.0.4/netty-reactive-streams-2.0.4.jar:/Users/juan.gularte/.m2/repository/com/sun/activation/jakarta.activation/1.2.2/jakarta.activation-1.2.2.jar:/Users/juan.gularte/.m2/repository/org/seleniumhq/selenium/selenium-http/4.5.0/selenium-http-4.5.0.jar:/Users/juan.gularte/.m2/repository/dev/failsafe/failsafe/3.2.4/failsafe-3.2.4.jar:/Users/juan.gularte/.m2/repository/org/seleniumhq/selenium/selenium-json/4.5.0/selenium-json-4.5.0.jar:/Users/juan.gularte/.m2/repository/org/seleniumhq/selenium/selenium-api/4.5.0/selenium-api-4.5.0.jar:/Users/juan.gularte/.m2/repository/org/testng/testng/7.6.0/testng-7.6.0.jar:/Users/juan.gularte/.m2/repository/com/google/code/findbugs/jsr305/3.0.2/jsr305-3.0.2.jar:/Users/juan.gularte/.m2/repository/org/webjars/jquery/3.6.0/jquery-3.6.0.jar:/Users/juan.gularte/.m2/repository/org/apache/logging/log4j/log4j-core/2.17.2/log4j-core-2.17.2.jar:/Users/juan.gularte/.m2/repository/org/apache/logging/log4j/log4j-api/2.17.2/log4j-api-2.17.2.jar:/Users/juan.gularte/.m2/repository/com/opencsv/opencsv/5.6/opencsv-5.6.jar:/Users/juan.gularte/.m2/repository/org/apache/commons/commons-text/1.9/commons-text-1.9.jar:/Users/juan.gularte/.m2/repository/commons-beanutils/commons-beanutils/1.9.4/commons-beanutils-1.9.4.jar:/Users/juan.gularte/.m2/repository/org/apache/commons/commons-collections4/4.4/commons-collections4-4.4.jar:/Users/juan.gularte/.m2/repository/com/fasterxml/jackson/core/jackson-databind/2.13.3/jackson-databind-2.13.3.jar:/Users/juan.gularte/.m2/repository/com/fasterxml/jackson/core/jackson-annotations/2.13.3/jackson-annotations-2.13.3.jar:/Users/juan.gularte/.m2/repository/com/fasterxml/jackson/core/jackson-core/2.13.3/jackson-core-2.13.3.jar:/Users/juan.gularte/.m2/repository/com/aventstack/extentreports/5.0.9/extentreports-5.0.9.jar:/Users/juan.gularte/.m2/repository/io/reactivex/rxjava3/rxjava/3.0.4/rxjava-3.0.4.jar:/Users/juan.gularte/.m2/repository/org/freemarker/freemarker/2.3.30/freemarker-2.3.30.jar:/Users/juan.gularte/.m2/repository/cglib/cglib/3.3.0/cglib-3.3.0.jar:/Users/juan.gularte/.m2/repository/org/ow2/asm/asm/7.1/asm-7.1.jar:/Users/juan.gularte/.m2/repository/com/saucelabs/saucebindings-testng/1.0.0/saucebindings-testng-1.0.0.jar:/Users/juan.gularte/.m2/repository/com/saucelabs/sauce_bindings/1.2.0/sauce_bindings-1.2.0.jar:/Users/juan.gularte/.m2/repository/junit/junit/4.13.1/junit-4.13.1.jar:/Users/juan.gularte/.m2/repository/org/hamcrest/hamcrest-core/1.3/hamcrest-core-1.3.jar:/Users/juan.gularte/.m2/repository/com/deque/html/axe-core/selenium/4.2.2/selenium-4.2.2.jar:/Users/juan.gularte/.m2/repository/io/github/bonigarcia/webdrivermanager/4.2.2/webdrivermanager-4.2.2.jar:/Users/juan.gularte/.m2/repository/org/apache/httpcomponents/client5/httpclient5/5.0.1/httpclient5-5.0.1.jar:/Users/juan.gularte/.m2/repository/org/apache/httpcomponents/core5/httpcore5/5.0.1/httpcore5-5.0.1.jar:/Users/juan.gularte/.m2/repository/org/apache/httpcomponents/core5/httpcore5-h2/5.0.1/httpcore5-h2-5.0.1.jar:/Users/juan.gularte/.m2/repository/org/rauschig/jarchivelib/1.1.0/jarchivelib-1.1.0.jar:/Users/juan.gularte/.m2/repository/org/apache/commons/commons-compress/1.20/commons-compress-1.20.jar:/Users/juan.gularte/.m2/repository/org/jsoup/jsoup/1.13.1/jsoup-1.13.1.jar:/Users/juan.gularte/.m2/repository/org/json/json/20200518/json-20200518.jar:/Users/juan.gularte/.m2/repository/org/slf4j/slf4j-simple/1.7.30/slf4j-simple-1.7.30.jar:/Users/juan.gularte/.m2/repository/org/slf4j/slf4j-api/1.7.30/slf4j-api-1.7.30.jar:/Users/juan.gularte/.m2/repository/org/apache/commons/commons-lang3/3.9/commons-lang3-3.9.jar:/Users/juan.gularte/.m2/repository/commons-io/commons-io/2.11.0/commons-io-2.11.0.jar:/Users/juan.gularte/.m2/repository/commons-validator/commons-validator/1.7/commons-validator-1.7.jar:/Users/juan.gularte/.m2/repository/commons-digester/commons-digester/2.1/commons-digester-2.1.jar:/Users/juan.gularte/.m2/repository/commons-logging/commons-logging/1.2/commons-logging-1.2.jar:/Users/juan.gularte/.m2/repository/commons-collections/commons-collections/3.2.2/commons-collections-3.2.2.jar:/Users/juan.gularte/.m2/repository/org/projectlombok/lombok/1.18.24/lombok-1.18.24.jar:/Users/juan.gularte/.m2/repository/com/google/guava/guava/31.1-jre/guava-31.1-jre.jar:/Users/juan.gularte/.m2/repository/com/google/guava/failureaccess/1.0.1/failureaccess-1.0.1.jar:/Users/juan.gularte/.m2/repository/com/google/guava/listenablefuture/9999.0-empty-to-avoid-conflict-with-guava/listenablefuture-9999.0-empty-to-avoid-conflict-with-guava.jar:/Users/juan.gularte/.m2/repository/org/checkerframework/checker-qual/3.12.0/checker-qual-3.12.0.jar:/Users/juan.gularte/.m2/repository/com/google/errorprone/error_prone_annotations/2.11.0/error_prone_annotations-2.11.0.jar:/Users/juan.gularte/.m2/repository/com/google/j2objc/j2objc-annotations/1.3/j2objc-annotations-1.3.jar:"/>
    <property name="java.vm.vendor" value="Oracle Corporation"/>
    <property name="sun.arch.data.model" value="64"/>
    <property name="java.vendor.url" value="https://java.oracle.com/"/>
    <property name="user.timezone" value="America/Argentina/Buenos_Aires"/>
    <property name="os.name" value="Mac OS X"/>
    <property name="java.vm.specification.version" value="18"/>
    <property name="sun.java.launcher" value="SUN_STANDARD"/>
    <property name="user.country" value="AR"/>
    <property name="sun.boot.library.path" value="/Library/Java/JavaVirtualMachines/jdk-18.0.2.jdk/Contents/Home/lib"/>
    <property name="sun.java.command" value="/Users/juan.gularte/Desktop/Repositories/Parking-Android-iOS/parking-android-ios/target/surefire/surefirebooter15917052824456705994.jar /Users/juan.gularte/Desktop/Repositories/Parking-Android-iOS/parking-android-ios/target/surefire 2022-12-23T15-52-28_808-jvmRun1 surefire7994725927135852623tmp surefire_06407133251666341814tmp"/>
    <property name="http.nonProxyHosts" value="local|*.local|169.254/16|*.169.254/16"/>
    <property name="jdk.debug" value="release"/>
    <property name="surefire.test.class.path" value="/Users/juan.gularte/Desktop/Repositories/Parking-Android-iOS/parking-android-ios/target/test-classes:/Users/juan.gularte/Desktop/Repositories/Parking-Android-iOS/parking-android-ios/target/classes:/Users/juan.gularte/.m2/repository/io/appium/java-client/8.1.1/java-client-8.1.1.jar:/Users/juan.gularte/.m2/repository/org/seleniumhq/selenium/selenium-support/4.7.2/selenium-support-4.7.2.jar:/Users/juan.gularte/.m2/repository/com/google/code/gson/gson/2.9.0/gson-2.9.0.jar:/Users/juan.gularte/.m2/repository/commons-codec/commons-codec/1.15/commons-codec-1.15.jar:/Users/juan.gularte/.m2/repository/org/seleniumhq/selenium/selenium-java/3.141.59/selenium-java-3.141.59.jar:/Users/juan.gularte/.m2/repository/org/seleniumhq/selenium/selenium-chrome-driver/3.141.59/selenium-chrome-driver-3.141.59.jar:/Users/juan.gularte/.m2/repository/org/seleniumhq/selenium/selenium-edge-driver/3.141.59/selenium-edge-driver-3.141.59.jar:/Users/juan.gularte/.m2/repository/org/seleniumhq/selenium/selenium-firefox-driver/3.141.59/selenium-firefox-driver-3.141.59.jar:/Users/juan.gularte/.m2/repository/org/seleniumhq/selenium/selenium-ie-driver/3.141.59/selenium-ie-driver-3.141.59.jar:/Users/juan.gularte/.m2/repository/org/seleniumhq/selenium/selenium-opera-driver/3.141.59/selenium-opera-driver-3.141.59.jar:/Users/juan.gularte/.m2/repository/org/seleniumhq/selenium/selenium-safari-driver/3.141.59/selenium-safari-driver-3.141.59.jar:/Users/juan.gularte/.m2/repository/net/bytebuddy/byte-buddy/1.8.15/byte-buddy-1.8.15.jar:/Users/juan.gularte/.m2/repository/org/apache/commons/commons-exec/1.3/commons-exec-1.3.jar:/Users/juan.gularte/.m2/repository/com/squareup/okhttp3/okhttp/3.11.0/okhttp-3.11.0.jar:/Users/juan.gularte/.m2/repository/com/squareup/okio/okio/1.14.0/okio-1.14.0.jar:/Users/juan.gularte/.m2/repository/org/seleniumhq/selenium/selenium-remote-driver/4.5.0/selenium-remote-driver-4.5.0.jar:/Users/juan.gularte/.m2/repository/com/beust/jcommander/1.82/jcommander-1.82.jar:/Users/juan.gularte/.m2/repository/com/google/auto/service/auto-service-annotations/1.0.1/auto-service-annotations-1.0.1.jar:/Users/juan.gularte/.m2/repository/com/google/auto/service/auto-service/1.0.1/auto-service-1.0.1.jar:/Users/juan.gularte/.m2/repository/com/google/auto/auto-common/1.2/auto-common-1.2.jar:/Users/juan.gularte/.m2/repository/io/netty/netty-buffer/4.1.79.Final/netty-buffer-4.1.79.Final.jar:/Users/juan.gularte/.m2/repository/io/netty/netty-codec-http/4.1.79.Final/netty-codec-http-4.1.79.Final.jar:/Users/juan.gularte/.m2/repository/io/netty/netty-codec/4.1.79.Final/netty-codec-4.1.79.Final.jar:/Users/juan.gularte/.m2/repository/io/netty/netty-handler/4.1.79.Final/netty-handler-4.1.79.Final.jar:/Users/juan.gularte/.m2/repository/io/netty/netty-common/4.1.79.Final/netty-common-4.1.79.Final.jar:/Users/juan.gularte/.m2/repository/io/netty/netty-transport-classes-epoll/4.1.79.Final/netty-transport-classes-epoll-4.1.79.Final.jar:/Users/juan.gularte/.m2/repository/io/netty/netty-transport-classes-kqueue/4.1.79.Final/netty-transport-classes-kqueue-4.1.79.Final.jar:/Users/juan.gularte/.m2/repository/io/netty/netty-transport-native-epoll/4.1.79.Final/netty-transport-native-epoll-4.1.79.Final.jar:/Users/juan.gularte/.m2/repository/io/netty/netty-transport-native-kqueue/4.1.79.Final/netty-transport-native-kqueue-4.1.79.Final.jar:/Users/juan.gularte/.m2/repository/io/netty/netty-transport-native-unix-common/4.1.79.Final/netty-transport-native-unix-common-4.1.79.Final.jar:/Users/juan.gularte/.m2/repository/io/netty/netty-transport/4.1.79.Final/netty-transport-4.1.79.Final.jar:/Users/juan.gularte/.m2/repository/io/netty/netty-resolver/4.1.79.Final/netty-resolver-4.1.79.Final.jar:/Users/juan.gularte/.m2/repository/io/opentelemetry/opentelemetry-api/1.17.0/opentelemetry-api-1.17.0.jar:/Users/juan.gularte/.m2/repository/io/opentelemetry/opentelemetry-context/1.17.0/opentelemetry-context-1.17.0.jar:/Users/juan.gularte/.m2/repository/io/opentelemetry/opentelemetry-exporter-logging/1.17.0/opentelemetry-exporter-logging-1.17.0.jar:/Users/juan.gularte/.m2/repository/io/opentelemetry/opentelemetry-sdk-metrics/1.17.0/opentelemetry-sdk-metrics-1.17.0.jar:/Users/juan.gularte/.m2/repository/io/opentelemetry/opentelemetry-sdk-logs/1.17.0-alpha/opentelemetry-sdk-logs-1.17.0-alpha.jar:/Users/juan.gularte/.m2/repository/io/opentelemetry/opentelemetry-sdk-common/1.17.0/opentelemetry-sdk-common-1.17.0.jar:/Users/juan.gularte/.m2/repository/io/opentelemetry/opentelemetry-sdk-extension-autoconfigure-spi/1.17.0/opentelemetry-sdk-extension-autoconfigure-spi-1.17.0.jar:/Users/juan.gularte/.m2/repository/io/opentelemetry/opentelemetry-sdk-extension-autoconfigure/1.17.0-alpha/opentelemetry-sdk-extension-autoconfigure-1.17.0-alpha.jar:/Users/juan.gularte/.m2/repository/io/opentelemetry/opentelemetry-exporter-common/1.17.0/opentelemetry-exporter-common-1.17.0.jar:/Users/juan.gularte/.m2/repository/io/opentelemetry/opentelemetry-sdk-trace/1.17.0/opentelemetry-sdk-trace-1.17.0.jar:/Users/juan.gularte/.m2/repository/io/opentelemetry/opentelemetry-sdk/1.17.0/opentelemetry-sdk-1.17.0.jar:/Users/juan.gularte/.m2/repository/io/opentelemetry/opentelemetry-semconv/1.17.0-alpha/opentelemetry-semconv-1.17.0-alpha.jar:/Users/juan.gularte/.m2/repository/io/ous/jtoml/2.0.0/jtoml-2.0.0.jar:/Users/juan.gularte/.m2/repository/org/asynchttpclient/async-http-client/2.12.3/async-http-client-2.12.3.jar:/Users/juan.gularte/.m2/repository/org/asynchttpclient/async-http-client-netty-utils/2.12.3/async-http-client-netty-utils-2.12.3.jar:/Users/juan.gularte/.m2/repository/io/netty/netty-codec-socks/4.1.60.Final/netty-codec-socks-4.1.60.Final.jar:/Users/juan.gularte/.m2/repository/io/netty/netty-handler-proxy/4.1.60.Final/netty-handler-proxy-4.1.60.Final.jar:/Users/juan.gularte/.m2/repository/io/netty/netty-transport-native-epoll/4.1.60.Final/netty-transport-native-epoll-4.1.60.Final-linux-x86_64.jar:/Users/juan.gularte/.m2/repository/io/netty/netty-transport-native-kqueue/4.1.60.Final/netty-transport-native-kqueue-4.1.60.Final-osx-x86_64.jar:/Users/juan.gularte/.m2/repository/org/reactivestreams/reactive-streams/1.0.3/reactive-streams-1.0.3.jar:/Users/juan.gularte/.m2/repository/com/typesafe/netty/netty-reactive-streams/2.0.4/netty-reactive-streams-2.0.4.jar:/Users/juan.gularte/.m2/repository/com/sun/activation/jakarta.activation/1.2.2/jakarta.activation-1.2.2.jar:/Users/juan.gularte/.m2/repository/org/seleniumhq/selenium/selenium-http/4.5.0/selenium-http-4.5.0.jar:/Users/juan.gularte/.m2/repository/dev/failsafe/failsafe/3.2.4/failsafe-3.2.4.jar:/Users/juan.gularte/.m2/repository/org/seleniumhq/selenium/selenium-json/4.5.0/selenium-json-4.5.0.jar:/Users/juan.gularte/.m2/repository/org/seleniumhq/selenium/selenium-api/4.5.0/selenium-api-4.5.0.jar:/Users/juan.gularte/.m2/repository/org/testng/testng/7.6.0/testng-7.6.0.jar:/Users/juan.gularte/.m2/repository/com/google/code/findbugs/jsr305/3.0.2/jsr305-3.0.2.jar:/Users/juan.gularte/.m2/repository/org/webjars/jquery/3.6.0/jquery-3.6.0.jar:/Users/juan.gularte/.m2/repository/org/apache/logging/log4j/log4j-core/2.17.2/log4j-core-2.17.2.jar:/Users/juan.gularte/.m2/repository/org/apache/logging/log4j/log4j-api/2.17.2/log4j-api-2.17.2.jar:/Users/juan.gularte/.m2/repository/com/opencsv/opencsv/5.6/opencsv-5.6.jar:/Users/juan.gularte/.m2/repository/org/apache/commons/commons-text/1.9/commons-text-1.9.jar:/Users/juan.gularte/.m2/repository/commons-beanutils/commons-beanutils/1.9.4/commons-beanutils-1.9.4.jar:/Users/juan.gularte/.m2/repository/org/apache/commons/commons-collections4/4.4/commons-collections4-4.4.jar:/Users/juan.gularte/.m2/repository/com/fasterxml/jackson/core/jackson-databind/2.13.3/jackson-databind-2.13.3.jar:/Users/juan.gularte/.m2/repository/com/fasterxml/jackson/core/jackson-annotations/2.13.3/jackson-annotations-2.13.3.jar:/Users/juan.gularte/.m2/repository/com/fasterxml/jackson/core/jackson-core/2.13.3/jackson-core-2.13.3.jar:/Users/juan.gularte/.m2/repository/com/aventstack/extentreports/5.0.9/extentreports-5.0.9.jar:/Users/juan.gularte/.m2/repository/io/reactivex/rxjava3/rxjava/3.0.4/rxjava-3.0.4.jar:/Users/juan.gularte/.m2/repository/org/freemarker/freemarker/2.3.30/freemarker-2.3.30.jar:/Users/juan.gularte/.m2/repository/cglib/cglib/3.3.0/cglib-3.3.0.jar:/Users/juan.gularte/.m2/repository/org/ow2/asm/asm/7.1/asm-7.1.jar:/Users/juan.gularte/.m2/repository/com/saucelabs/saucebindings-testng/1.0.0/saucebindings-testng-1.0.0.jar:/Users/juan.gularte/.m2/repository/com/saucelabs/sauce_bindings/1.2.0/sauce_bindings-1.2.0.jar:/Users/juan.gularte/.m2/repository/junit/junit/4.13.1/junit-4.13.1.jar:/Users/juan.gularte/.m2/repository/org/hamcrest/hamcrest-core/1.3/hamcrest-core-1.3.jar:/Users/juan.gularte/.m2/repository/com/deque/html/axe-core/selenium/4.2.2/selenium-4.2.2.jar:/Users/juan.gularte/.m2/repository/io/github/bonigarcia/webdrivermanager/4.2.2/webdrivermanager-4.2.2.jar:/Users/juan.gularte/.m2/repository/org/apache/httpcomponents/client5/httpclient5/5.0.1/httpclient5-5.0.1.jar:/Users/juan.gularte/.m2/repository/org/apache/httpcomponents/core5/httpcore5/5.0.1/httpcore5-5.0.1.jar:/Users/juan.gularte/.m2/repository/org/apache/httpcomponents/core5/httpcore5-h2/5.0.1/httpcore5-h2-5.0.1.jar:/Users/juan.gularte/.m2/repository/org/rauschig/jarchivelib/1.1.0/jarchivelib-1.1.0.jar:/Users/juan.gularte/.m2/repository/org/apache/commons/commons-compress/1.20/commons-compress-1.20.jar:/Users/juan.gularte/.m2/repository/org/jsoup/jsoup/1.13.1/jsoup-1.13.1.jar:/Users/juan.gularte/.m2/repository/org/json/json/20200518/json-20200518.jar:/Users/juan.gularte/.m2/repository/org/slf4j/slf4j-simple/1.7.30/slf4j-simple-1.7.30.jar:/Users/juan.gularte/.m2/repository/org/slf4j/slf4j-api/1.7.30/slf4j-api-1.7.30.jar:/Users/juan.gularte/.m2/repository/org/apache/commons/commons-lang3/3.9/commons-lang3-3.9.jar:/Users/juan.gularte/.m2/repository/commons-io/commons-io/2.11.0/commons-io-2.11.0.jar:/Users/juan.gularte/.m2/repository/commons-validator/commons-validator/1.7/commons-validator-1.7.jar:/Users/juan.gularte/.m2/repository/commons-digester/commons-digester/2.1/commons-digester-2.1.jar:/Users/juan.gularte/.m2/repository/commons-logging/commons-logging/1.2/commons-logging-1.2.jar:/Users/juan.gularte/.m2/repository/commons-collections/commons-collections/3.2.2/commons-collections-3.2.2.jar:/Users/juan.gularte/.m2/repository/org/projectlombok/lombok/1.18.24/lombok-1.18.24.jar:/Users/juan.gularte/.m2/repository/com/google/guava/guava/31.1-jre/guava-31.1-jre.jar:/Users/juan.gularte/.m2/repository/com/google/guava/failureaccess/1.0.1/failureaccess-1.0.1.jar:/Users/juan.gularte/.m2/repository/com/google/guava/listenablefuture/9999.0-empty-to-avoid-conflict-with-guava/listenablefuture-9999.0-empty-to-avoid-conflict-with-guava.jar:/Users/juan.gularte/.m2/repository/org/checkerframework/checker-qual/3.12.0/checker-qual-3.12.0.jar:/Users/juan.gularte/.m2/repository/com/google/errorprone/error_prone_annotations/2.11.0/error_prone_annotations-2.11.0.jar:/Users/juan.gularte/.m2/repository/com/google/j2objc/j2objc-annotations/1.3/j2objc-annotations-1.3.jar:"/>
    <property name="sun.cpu.endian" value="little"/>
    <property name="user.home" value="/Users/juan.gularte"/>
    <property name="user.language" value="en"/>
    <property name="java.specification.vendor" value="Oracle Corporation"/>
    <property name="java.version.date" value="2022-07-19"/>
    <property name="java.home" value="/Library/Java/JavaVirtualMachines/jdk-18.0.2.jdk/Contents/Home"/>
    <property name="file.separator" value="/"/>
    <property name="basedir" value="/Users/juan.gularte/Desktop/Repositories/Parking-Android-iOS/parking-android-ios"/>
    <property name="java.vm.compressedOopsMode" value="Zero based"/>
    <property name="line.separator" value="&#10;"/>
    <property name="java.vm.specification.vendor" value="Oracle Corporation"/>
    <property name="java.specification.name" value="Java Platform API Specification"/>
    <property name="apple.awt.application.name" value="ForkedBooter"/>
    <property name="surefire.real.class.path" value="/Users/juan.gularte/Desktop/Repositories/Parking-Android-iOS/parking-android-ios/target/surefire/surefirebooter15917052824456705994.jar"/>
    <property name="sun.management.compiler" value="HotSpot 64-Bit Tiered Compilers"/>
    <property name="ftp.nonProxyHosts" value="local|*.local|169.254/16|*.169.254/16"/>
    <property name="java.runtime.version" value="18.0.2+9-61"/>
    <property name="user.name" value="juan.gularte"/>
    <property name="path.separator" value=":"/>
    <property name="os.version" value="12.6"/>
    <property name="java.runtime.name" value="Java(TM) SE Runtime Environment"/>
    <property name="file.encoding" value="UTF-8"/>
    <property name="java.vm.name" value="Java HotSpot(TM) 64-Bit Server VM"/>
    <property name="localRepository" value="/Users/juan.gularte/.m2/repository"/>
    <property name="java.vendor.url.bug" value="https://bugreport.java.com/bugreport/"/>
    <property name="java.io.tmpdir" value="/var/folders/by/8p35vf5j5d72b2ls4cc_s5rc0000gp/T/"/>
    <property name="java.version" value="18.0.2"/>
    <property name="user.dir" value="/Users/juan.gularte/Desktop/Repositories/Parking-Android-iOS/parking-android-ios"/>
    <property name="os.arch" value="x86_64"/>
    <property name="java.vm.specification.name" value="Java Virtual Machine Specification"/>
    <property name="native.encoding" value="US-ASCII"/>
    <property name="java.library.path" value="/Users/juan.gularte/Library/Java/Extensions:/Library/Java/Extensions:/Network/Library/Java/Extensions:/System/Library/Java/Extensions:/usr/lib/java:."/>
    <property name="java.vm.info" value="mixed mode, sharing"/>
    <property name="java.vendor" value="Oracle Corporation"/>
    <property name="java.vm.version" value="18.0.2+9-61"/>
    <property name="sun.io.unicode.encoding" value="UnicodeBig"/>
    <property name="socksNonProxyHosts" value="local|*.local|169.254/16|*.169.254/16"/>
    <property name="java.class.version" value="62.0"/>
  </properties>
  <testcase name="registeredUserOnDemandGatelessReservation[org.testng.TestRunner@4ca237d6, Android, 11, Samsung Galaxy S20 WQHD GoogleAPI Emulator](1)" classname="android.saucelabs.OnDemandGateless.AndroidSauceLabsOnDemandGatelessRegisteredTests" time="331.036">
    <system-out><![CDATA[[TestNG-tests-1] 15:52:31,315 INFO  [Android - Registered User OnDemand Gateless Reservation] [TEST Android - Registered User OnDemand Gateless Reservation STARTED]
[TestNG-PoolService-0] 15:52:31,356 INFO  [Android - Registered User OnDemand Gateless Reservation] [Starting Android - Registered User OnDemand Gateless Reservation]
CTX: org.testng.TestRunner@4ca237d6
PLATFORM: Android
VERSION: 11
DEVICE: Samsung Galaxy S20 WQHD GoogleAPI Emulator
[TestNG-PoolService-0] 15:53:17,582 INFO  [Android - Registered User OnDemand Gateless Reservation] Let's Park button was clicked.
[TestNG-PoolService-0] 15:53:17,584 INFO  [Android - Registered User OnDemand Gateless Reservation] DASHBOARD SCREEN
[TestNG-PoolService-0] 15:53:30,829 INFO  [Android - Registered User OnDemand Gateless Reservation] Menu button was clicked. Menu is displayed.
[TestNG-PoolService-0] 15:53:33,044 INFO  [Android - Registered User OnDemand Gateless Reservation] My Account option was clicked.
[TestNG-PoolService-0] 15:53:34,514 INFO  [Android - Registered User OnDemand Gateless Reservation] ACCOUNT SCREEN
[TestNG-PoolService-0] 15:53:37,026 INFO  [Android - Registered User OnDemand Gateless Reservation] Login button was clicked.
[TestNG-PoolService-0] 15:53:40,055 INFO  [Android - Registered User OnDemand Gateless Reservation] List of users wasn't displayed.
[TestNG-PoolService-0] 15:53:41,438 INFO  [Android - Registered User OnDemand Gateless Reservation] LOGIN SCREEN
[TestNG-PoolService-0] 15:53:43,283 INFO  [Android - Registered User OnDemand Gateless Reservation] User: jcgularte@spplus.com
[TestNG-PoolService-0] 15:53:45,123 INFO  [Android - Registered User OnDemand Gateless Reservation] Password: Helloworld10
[TestNG-PoolService-0] 15:53:48,226 INFO  [Android - Registered User OnDemand Gateless Reservation] Next button was clicked.
[TestNG-PoolService-0] 15:53:53,853 INFO  [Android - Registered User OnDemand Gateless Reservation] User is signed in.
[TestNG-PoolService-0] 15:53:56,872 INFO  [Android - Registered User OnDemand Gateless Reservation] Smart Lock popup wasn't displayed.
[TestNG-PoolService-0] 15:54:00,853 INFO  [Android - Registered User OnDemand Gateless Reservation] Menu button was clicked. Menu is displayed.
[TestNG-PoolService-0] 15:54:02,287 INFO  [Android - Registered User OnDemand Gateless Reservation] User is logged in.
[TestNG-PoolService-0] 15:54:05,731 INFO  [Android - Registered User OnDemand Gateless Reservation] My Account option was clicked.
[TestNG-PoolService-0] 15:54:07,277 INFO  [Android - Registered User OnDemand Gateless Reservation] ACCOUNT SCREEN
[TestNG-PoolService-0] 15:54:17,436 INFO  [Android - Registered User OnDemand Gateless Reservation] All basic assertions for logged in user passed.
[TestNG-PoolService-0] 15:54:20,374 INFO  [Android - Registered User OnDemand Gateless Reservation] My Profile was clicked.
[TestNG-PoolService-0] 15:54:22,524 INFO  [Android - Registered User OnDemand Gateless Reservation] MY PROFILE SCREEN
[TestNG-PoolService-0] 15:54:33,899 INFO  [Android - Registered User OnDemand Gateless Reservation] All basic assertions for logged user passed.
[TestNG-PoolService-0] 15:54:34,548 INFO  [Android - Registered User OnDemand Gateless Reservation] Email is: jcgularte@spplus.com
[TestNG-PoolService-0] 15:54:35,128 INFO  [Android - Registered User OnDemand Gateless Reservation] First Name is: Juan
[TestNG-PoolService-0] 15:54:35,763 INFO  [Android - Registered User OnDemand Gateless Reservation] Last Name is: Test
[TestNG-PoolService-0] 15:54:36,418 INFO  [Android - Registered User OnDemand Gateless Reservation] Phone Prefix is: +1
[TestNG-PoolService-0] 15:54:37,168 INFO  [Android - Registered User OnDemand Gateless Reservation] Phone is: 8056843390
[TestNG-PoolService-0] 15:54:38,968 INFO  [Android - Registered User OnDemand Gateless Reservation] Back button was clicked.
[TestNG-PoolService-0] 15:54:40,520 INFO  [Android - Registered User OnDemand Gateless Reservation] ACCOUNT SCREEN
[TestNG-PoolService-0] 15:54:49,172 INFO  [Android - Registered User OnDemand Gateless Reservation] All basic assertions for logged in user passed.
[TestNG-PoolService-0] 15:54:51,575 INFO  [Android - Registered User OnDemand Gateless Reservation] My Payment Methods was clicked.
[TestNG-PoolService-0] 15:54:52,828 INFO  [Android - Registered User OnDemand Gateless Reservation] MY PAYMENT METHODS SCREEN
[TestNG-PoolService-0] 15:54:55,382 INFO  [Android - Registered User OnDemand Gateless Reservation] All basic assertions for logged user passed.
[TestNG-PoolService-0] 15:54:56,490 INFO  [Android - Registered User OnDemand Gateless Reservation] There are 1 additional cards added.
[TestNG-PoolService-0] 15:54:57,777 INFO  [Android - Registered User OnDemand Gateless Reservation] Additional card nº1 title: Master
[TestNG-PoolService-0] 15:54:58,450 INFO  [Android - Registered User OnDemand Gateless Reservation] Additional card nº1 type and number: MasterCard*4444
[TestNG-PoolService-0] 15:54:59,026 INFO  [Android - Registered User OnDemand Gateless Reservation] Default card title: Visa card
[TestNG-PoolService-0] 15:54:59,704 INFO  [Android - Registered User OnDemand Gateless Reservation] Default card type and number: Visa*1111
[TestNG-PoolService-0] 15:55:02,181 INFO  [Android - Registered User OnDemand Gateless Reservation] Back button was clicked.
[TestNG-PoolService-0] 15:55:03,943 INFO  [Android - Registered User OnDemand Gateless Reservation] ACCOUNT SCREEN
[TestNG-PoolService-0] 15:55:12,549 INFO  [Android - Registered User OnDemand Gateless Reservation] All basic assertions for logged in user passed.
[TestNG-PoolService-0] 15:55:14,892 INFO  [Android - Registered User OnDemand Gateless Reservation] My Vehicles was clicked.
[TestNG-PoolService-0] 15:55:16,033 INFO  [Android - Registered User OnDemand Gateless Reservation] MY VEHICLES SCREEN
[TestNG-PoolService-0] 15:55:19,322 INFO  [Android - Registered User OnDemand Gateless Reservation] All basic assertions for logged user passed.
[TestNG-PoolService-0] 15:55:20,541 INFO  [Android - Registered User OnDemand Gateless Reservation] There are 2 additional vehicles added.
[TestNG-PoolService-0] 15:55:21,802 INFO  [Android - Registered User OnDemand Gateless Reservation] Additional vehicle nº1 name: Stepway
[TestNG-PoolService-0] 15:55:22,443 INFO  [Android - Registered User OnDemand Gateless Reservation] Additional vehicle nº1 license plate: PIPI3044
[TestNG-PoolService-0] 15:55:23,601 INFO  [Android - Registered User OnDemand Gateless Reservation] Additional vehicle nº2 name: RTD ok
[TestNG-PoolService-0] 15:55:24,180 INFO  [Android - Registered User OnDemand Gateless Reservation] Additional vehicle nº2 license plate: 001AUB
[TestNG-PoolService-0] 15:55:24,788 INFO  [Android - Registered User OnDemand Gateless Reservation] Default vehicle name: Jeepeta
[TestNG-PoolService-0] 15:55:26,491 INFO  [Android - Registered User OnDemand Gateless Reservation] Default vehicle license plate: SL081314
[TestNG-PoolService-0] 15:55:28,152 INFO  [Android - Registered User OnDemand Gateless Reservation] Back button was clicked.
[TestNG-PoolService-0] 15:55:30,369 INFO  [Android - Registered User OnDemand Gateless Reservation] Back button was clicked.
[TestNG-PoolService-0] 15:55:32,632 INFO  [Android - Registered User OnDemand Gateless Reservation] Find Parking option was clicked.
[TestNG-PoolService-0] 15:55:39,402 INFO  [Android - Registered User OnDemand Gateless Reservation] OnDemand section is displayed.
[TestNG-PoolService-0] 15:55:47,170 INFO  [Android - Registered User OnDemand Gateless Reservation] All elements in OnDemand section were displayed correctly.
[TestNG-PoolService-0] 15:55:48,904 INFO  [Android - Registered User OnDemand Gateless Reservation] Enter Zone button was clicked.
[TestNG-PoolService-0] 15:55:51,054 INFO  [Android - Registered User OnDemand Gateless Reservation] ONDEMAND ENTER ZONE SCREEN
[TestNG-PoolService-0] 15:55:57,840 INFO  [Android - Registered User OnDemand Gateless Reservation] All elements in OnDemand Enter Zone screen were displayed correctly.
[TestNG-PoolService-0] 15:55:59,101 INFO  [Android - Registered User OnDemand Gateless Reservation] Zone code entered: 32899
[TestNG-PoolService-0] 15:56:02,491 INFO  [Android - Registered User OnDemand Gateless Reservation] Submit button was clicked.
[TestNG-PoolService-0] 15:56:07,890 INFO  [Android - Registered User OnDemand Gateless Reservation] Loader elements was not displayed.
[TestNG-PoolService-0] 15:56:19,939 INFO  [Android - Registered User OnDemand Gateless Reservation] All elements in OnDemand Zone Location screen were displayed correctly.
[TestNG-PoolService-0] 15:56:20,545 INFO  [Android - Registered User OnDemand Gateless Reservation] Address displayed: 305 W. ONTARIO
[TestNG-PoolService-0] 15:56:24,083 INFO  [Android - Registered User OnDemand Gateless Reservation] Vehicle displayed correctly.
[TestNG-PoolService-0] 15:56:29,632 INFO  [Android - Registered User OnDemand Gateless Reservation] Select Time Needed button was clicked.
[TestNG-PoolService-0] 15:56:41,660 INFO  [Android - Registered User OnDemand Gateless Reservation] Time was selected.
[TestNG-PoolService-0] 15:56:42,241 INFO  [Android - Registered User OnDemand Gateless Reservation] Loading...
[TestNG-PoolService-0] 15:56:47,329 INFO  [Android - Registered User OnDemand Gateless Reservation] CHECKOUT SCREEN
[TestNG-PoolService-0] 15:56:52,476 INFO  [Android - Registered User OnDemand Gateless Reservation] Zone code is: 32899
[TestNG-PoolService-0] 15:56:52,487 INFO  [Android - Registered User OnDemand Gateless Reservation] Location name is: 305 W. ONTARIO
[TestNG-PoolService-0] 15:56:55,244 INFO  [Android - Registered User OnDemand Gateless Reservation] License plate is: SL081314
[TestNG-PoolService-0] 15:56:57,321 INFO  [Android - Registered User OnDemand Gateless Reservation] Session duration is: 2 HOURS  SESSION
[TestNG-PoolService-0] 15:56:57,695 INFO  [Android - Registered User OnDemand Gateless Reservation] Scroll to find 'COMPLETE PURCHASE'
[TestNG-PoolService-0] 15:56:59,616 INFO  [Android - Registered User OnDemand Gateless Reservation] Price is: $28.99
[TestNG-PoolService-0] 15:57:11,936 INFO  [Android - Registered User OnDemand Gateless Reservation] The option 'Yes, send me information about special offers near me.' is checked by default.
[TestNG-PoolService-0] 15:57:14,009 INFO  [Android - Registered User OnDemand Gateless Reservation] All basic assertions for registered user passed.
[TestNG-PoolService-0] 15:57:21,880 INFO  [Android - Registered User OnDemand Gateless Reservation] Email is: jcgularte@spplus.com
[TestNG-PoolService-0] 15:57:21,882 INFO  [Android - Registered User OnDemand Gateless Reservation] Name is: Juan Test
[TestNG-PoolService-0] 15:57:21,882 INFO  [Android - Registered User OnDemand Gateless Reservation] Phone is: +18056843390
[TestNG-PoolService-0] 15:57:23,942 INFO  [Android - Registered User OnDemand Gateless Reservation] Personal information is correct.
[TestNG-PoolService-0] 15:57:24,289 INFO  [Android - Registered User OnDemand Gateless Reservation] Scroll to find 'APPLY'
[TestNG-PoolService-0] 15:57:26,256 INFO  [Android - Registered User OnDemand Gateless Reservation] Credit Card preselected is: VISA*1111
[TestNG-PoolService-0] 15:57:29,039 INFO  [Android - Registered User OnDemand Gateless Reservation] Payment information is correct.
[TestNG-PoolService-0] 15:57:29,310 INFO  [Android - Registered User OnDemand Gateless Reservation] Scroll to find 'COMPLETE PURCHASE'
COMPLETE PURCHASE BUTTON WAS CLICKED 1
[TestNG-PoolService-0] 15:57:36,058 INFO  [Android - Registered User OnDemand Gateless Reservation] COMPLETE PURCHASE button was clicked.
[TestNG-PoolService-0] 15:57:53,976 INFO  [Android - Registered User OnDemand Gateless Reservation] OD reservation was successful!
[TestNG-PoolService-0] 15:58:02,276 INFO  [Android - Registered User OnDemand Gateless Reservation] OnDemand reservation card contains the correct data.
[TestNG-PoolService-0] 15:58:02,298 INFO  [Android - Registered User OnDemand Gateless Reservation] [Test registeredUserOnDemandGatelessReservation passed]
]]></system-out>
  </testcase>
</testsuite>