<?xml version="1.0" encoding="UTF-8"?>
<!-- Generated by org.testng.reporters.JUnitReportReporter -->
<testsuite hostname="QTs-MacBook-Pro.fibertel.com.ar" failures="0" tests="1" name="android.tests.AndroidLoginTests" time="4.745" errors="0" timestamp="27 Jul 2022 19:52:24 GMT" skipped="0">
  <testcase classname="android.tests.AndroidLoginTests" name="positiveLogin" time="4.745"/>
</testsuite> <!-- android.tests.AndroidLoginTests -->
