<?xml version="1.0" encoding="UTF-8"?>
<!-- Generated by org.testng.reporters.JUnitReportReporter -->
<testsuite hostname="QTs-MacBook-Pro.local" failures="0" tests="1" name="android.saucelabs.OnDemandGateless.AndroidSauceLabsOnDemandGatelessRegisteredTests" time="331.880" errors="0" timestamp="2022-12-23T15:58:04 ART" skipped="0">
  <testcase classname="android.saucelabs.OnDemandGateless.AndroidSauceLabsOnDemandGatelessRegisteredTests" name="registeredUserOnDemandGatelessReservation" time="331.880"/>
  <system-out/>
</testsuite> <!-- android.saucelabs.OnDemandGateless.AndroidSauceLabsOnDemandGatelessRegisteredTests -->
